# JRE version: Java(TM) SE Runtime Environment (8.0_45-b15) (build 1.8.0_45-b15)
# Java VM: Java HotSpot(TM) Client VM (25.45-b02 mixed mode windows-x86 )
Heap:
 def new generation   total 4928K, used 274K [0x0f200000, 0x0f750000, 0x14750000)
  eden space 4416K,   5% used [0x0f200000, 0x0f2416c8, 0x0f650000)
  from space 512K,   2% used [0x0f650000, 0x0f6533b8, 0x0f6d0000)
  to   space 512K,   0% used [0x0f6d0000, 0x0f6d0000, 0x0f750000)
 tenured generation   total 10944K, used 1293K [0x14750000, 0x15200000, 0x1f200000)
   the space 10944K,  11% used [0x14750000, 0x148934d8, 0x14893600, 0x15200000)
 Metaspace       used 2327K, capacity 2504K, committed 2624K, reserved 4480K
GC Heap History (4 events):
Event: 4.475 GC heap before
{Heap before GC invocations=0 (full 0):
 def new generation   total 4928K, used 4416K [0x0f200000, 0x0f750000, 0x14750000)
  eden space 4416K, 100% used [0x0f200000, 0x0f650000, 0x0f650000)
  from space 512K,   0% used [0x0f650000, 0x0f650000, 0x0f6d0000)
  to   space 512K,   0% used [0x0f6d0000, 0x0f6d0000, 0x0f750000)
 tenured generation   total 10944K, used 0K [0x14750000, 0x15200000, 0x1f200000)
   the space 10944K,   0% used [0x14750000, 0x14750000, 0x14750200, 0x15200000)
 Metaspace       used 2311K, capacity 2472K, committed 2496K, reserved 4480K
Event: 4.482 GC heap after
Heap after GC invocations=1 (full 0):
 def new generation   total 4928K, used 512K [0x0f200000, 0x0f750000, 0x14750000)
  eden space 4416K,   0% used [0x0f200000, 0x0f200000, 0x0f650000)
  from space 512K, 100% used [0x0f6d0000, 0x0f750000, 0x0f750000)
  to   space 512K,   0% used [0x0f650000, 0x0f650000, 0x0f6d0000)
 tenured generation   total 10944K, used 781K [0x14750000, 0x15200000, 0x1f200000)
   the space 10944K,   7% used [0x14750000, 0x148135f8, 0x14813600, 0x15200000)
 Metaspace       used 2311K, capacity 2472K, committed 2496K, reserved 4480K
}
Event: 4.583 GC heap before
{Heap before GC invocations=1 (full 0):
 def new generation   total 4928K, used 4928K [0x0f200000, 0x0f750000, 0x14750000)
  eden space 4416K, 100% used [0x0f200000, 0x0f650000, 0x0f650000)
  from space 512K, 100% used [0x0f6d0000, 0x0f750000, 0x0f750000)
  to   space 512K,   0% used [0x0f650000, 0x0f650000, 0x0f6d0000)
 tenured generation   total 10944K, used 781K [0x14750000, 0x15200000, 0x1f200000)
   the space 10944K,   7% used [0x14750000, 0x148135f8, 0x14813600, 0x15200000)
 Metaspace       used 2327K, capacity 2504K, committed 2624K, reserved 4480K
Event: 4.587 GC heap after
Heap after GC invocations=2 (full 0):
 def new generation   total 4928K, used 12K [0x0f200000, 0x0f750000, 0x14750000)
  eden space 4416K,   0% used [0x0f200000, 0x0f200000, 0x0f650000)
  from space 512K,   2% used [0x0f650000, 0x0f6533b8, 0x0f6d0000)
  to   space 512K,   0% used [0x0f6d0000, 0x0f6d0000, 0x0f750000)
 tenured generation   total 10944K, used 1293K [0x14750000, 0x15200000, 0x1f200000)
   the space 10944K,  11% used [0x14750000, 0x148934d8, 0x14893600, 0x15200000)
 Metaspace       used 2327K, capacity 2504K, committed 2624K, reserved 4480K
}

